make --dry-run --always-make --keep-going --print-directory
make: Entering directory '/home/melflitty/instr_tool'
/usr/bin/cmake -S/home/melflitty/instr_tool -B/home/melflitty/instr_tool --check-build-system CMakeFiles/Makefile.cmake 0
/usr/bin/cmake -E cmake_progress_start /home/melflitty/instr_tool/CMakeFiles /home/melflitty/instr_tool/CMakeFiles/progress.marks
make -f CMakeFiles/Makefile2 all
 
make[1]: Entering directory '/home/melflitty/instr_tool'
make -f src/CMakeFiles/MyFirstTool.dir/build.make src/CMakeFiles/MyFirstTool.dir/depend
make[2]: Entering directory '/home/melflitty/instr_tool'
cd /home/melflitty/instr_tool && /usr/bin/cmake -E cmake_depends "Unix Makefiles" /home/melflitty/instr_tool /home/melflitty/instr_tool/src /home/melflitty/instr_tool /home/melflitty/instr_tool/src /home/melflitty/instr_tool/src/CMakeFiles/MyFirstTool.dir/DependInfo.cmake --color=
make[2]: Leaving directory '/home/melflitty/instr_tool'
make -f src/CMakeFiles/MyFirstTool.dir/build.make src/CMakeFiles/MyFirstTool.dir/build
 
make[2]: Entering directory '/home/melflitty/instr_tool'
/usr/bin/cmake -E cmake_echo_color --switch= --green --progress-dir=/home/melflitty/instr_tool/CMakeFiles --progress-num=1 "Building CXX object src/CMakeFiles/MyFirstTool.dir/test_direct_ins.cpp.o"
cd /home/melflitty/instr_tool/src && /usr/bin/c++  -DMyFirstTool_EXPORTS -I/home/melflitty/instr_tool/Pin/Linux/extras/components/include -I/home/melflitty/instr_tool/Pin/Linux/extras/xed-intel64/include/xed -I/home/melflitty/instr_tool/Pin/Linux/source/tools/Utils -I/home/melflitty/instr_tool/Pin/Linux/source/tools/InstLib -I/home/melflitty/instr_tool/Pin/Linux/source/include/pin -I/home/melflitty/instr_tool/Pin/Linux/source/include/pin/gen -I/home/melflitty/instr_tool/include -I/home/melflitty/instr_tool/src -isystem /home/melflitty/instr_tool/Pin/Linux/extras/stlport/include -isystem /home/melflitty/instr_tool/Pin/Linux/extras/libstdc++/include -isystem /home/melflitty/instr_tool/Pin/Linux/extras/crt/include -isystem /home/melflitty/instr_tool/Pin/Linux/extras/crt/include/arch-x86_64 -isystem /home/melflitty/instr_tool/Pin/Linux/extras/crt/include/kernel/uapi -isystem /home/melflitty/instr_tool/Pin/Linux/extras/crt/include/kernel/uapi/asm-x86  -fPIC   -Wall -Wno-unknown-pragmas -D__PIN__=1 -DPIN_CRT=1 -DXED_DLL -D_STLP_IMPORT_IOSTREAMS -fno-stack-protector -fno-exceptions -funwind-tables -fasynchronous-unwind-tables -fno-rtti -DTARGET_IA32E -DHOST_IA32E -fPIC -DTARGET_LINUX -fabi-version=2 -O3 -fomit-frame-pointer -fno-strict-aliasing -std=gnu++17 -o CMakeFiles/MyFirstTool.dir/test_direct_ins.cpp.o -c /home/melflitty/instr_tool/src/test_direct_ins.cpp
/usr/bin/cmake -E cmake_echo_color --switch= --green --bold --progress-dir=/home/melflitty/instr_tool/CMakeFiles --progress-num=2 "Linking CXX shared library libMyFirstTool.so"
cd /home/melflitty/instr_tool/src && /usr/bin/cmake -E cmake_link_script CMakeFiles/MyFirstTool.dir/link.txt --verbose=
make[2]: Leaving directory '/home/melflitty/instr_tool'
/usr/bin/cmake -E cmake_echo_color --switch= --progress-dir=/home/melflitty/instr_tool/CMakeFiles --progress-num=1,2 "Built target MyFirstTool"
make[1]: Leaving directory '/home/melflitty/instr_tool'
/usr/bin/cmake -E cmake_progress_start /home/melflitty/instr_tool/CMakeFiles 0
make: Leaving directory '/home/melflitty/instr_tool'
 
